****                   ADMIXTURE Version 1.4.0                  ****
****                    Copyright 2008-2025                     ****
****           David Alexander, Suyash Shringarpure,            ****
****                John Novembre, Ken Lange                    ****
****                                                            ****
****                 Please cite our paper!                     ****
****   Information at https://dalexander.github.io/admixture/   ****

Cross-validation will be performed.  Folds=5.
Parallel execution requested.  Will use 4 threads.
Random seed: 43
Point estimation method: Block relaxation algorithm
Convergence acceleration algorithm: QuasiNewton, 3 secant conditions
Point estimation will terminate when objective function delta < 0.0001
Estimation of standard errors disabled; will compute point estimates only.
Size of G: 12x2074
Performing five EM steps to prime main algorithm
1 (EM) 	Elapsed: 0	Loglikelihood: -19179.9	(delta): 19284.1
2 (EM) 	Elapsed: 0	Loglikelihood: -17444.5	(delta): 1735.33
3 (EM) 	Elapsed: 0	Loglikelihood: -16430.7	(delta): 1013.8
4 (EM) 	Elapsed: 0	Loglikelihood: -15477.8	(delta): 952.923
5 (EM) 	Elapsed: 0	Loglikelihood: -14531.9	(delta): 945.883
Initial loglikelihood: -14531.9
Starting main algorithm
1 (QN/Block) 	Elapsed: 0.001	Loglikelihood: -9036.18	(delta): 5495.74
2 (QN/Block) 	Elapsed: 0.001	Loglikelihood: -7626.67	(delta): 1409.51
3 (QN/Block) 	Elapsed: 0.002	Loglikelihood: -7408.65	(delta): 218.021
4 (QN/Block) 	Elapsed: 0.002	Loglikelihood: -7350.29	(delta): 58.3538
5 (QN/Block) 	Elapsed: 0.002	Loglikelihood: -7322.43	(delta): 27.8584
6 (QN/Block) 	Elapsed: 0.002	Loglikelihood: -7312.67	(delta): 9.76054
7 (QN/Block) 	Elapsed: 0.002	Loglikelihood: -7312.33	(delta): 0.341806
8 (QN/Block) 	Elapsed: 0.002	Loglikelihood: -7312.33	(delta): 0.000413495
9 (QN/Block) 	Elapsed: 0.002	Loglikelihood: -7312.33	(delta): -1.81899e-12
10 (QN/Block) 	Elapsed: 0.002	Loglikelihood: -7312.33	(delta): 9.09495e-13
Summary: 
Converged in 10 iterations (0.024 sec)
Loglikelihood: -7312.330127
Fst divergences between estimated populations: 
	Pop0	Pop1	Pop2	
Pop0	
Pop1	0.557	
Pop2	0.525	0.623	
Pop3	0.590	0.675	0.548	
CV error (K=4): 2.05539
Writing output files.
