****                   ADMIXTURE Version 1.4.0                  ****
****                    Copyright 2008-2025                     ****
****           David Alexander, Suyash Shringarpure,            ****
****                John Novembre, Ken Lange                    ****
****                                                            ****
****                 Please cite our paper!                     ****
****   Information at https://dalexander.github.io/admixture/   ****

Cross-validation will be performed.  Folds=5.
Parallel execution requested.  Will use 4 threads.
Random seed: 43
Point estimation method: Block relaxation algorithm
Convergence acceleration algorithm: QuasiNewton, 3 secant conditions
Point estimation will terminate when objective function delta < 0.0001
Estimation of standard errors disabled; will compute point estimates only.
Size of G: 12x2074
Performing five EM steps to prime main algorithm
1 (EM) 	Elapsed: 0	Loglikelihood: -19297.1	(delta): 22910
2 (EM) 	Elapsed: 0	Loglikelihood: -17972.9	(delta): 1324.2
3 (EM) 	Elapsed: 0	Loglikelihood: -17444.2	(delta): 528.672
4 (EM) 	Elapsed: 0	Loglikelihood: -17065	(delta): 379.291
5 (EM) 	Elapsed: 0	Loglikelihood: -16756	(delta): 308.925
Initial loglikelihood: -16756
Starting main algorithm
1 (QN/Block) 	Elapsed: 0.001	Loglikelihood: -15025.3	(delta): 1730.72
2 (QN/Block) 	Elapsed: 0.001	Loglikelihood: -14981.1	(delta): 44.2549
3 (QN/Block) 	Elapsed: 0.001	Loglikelihood: -14972.1	(delta): 8.93447
4 (QN/Block) 	Elapsed: 0.001	Loglikelihood: -14918.9	(delta): 53.2442
5 (QN/Block) 	Elapsed: 0.001	Loglikelihood: -14607.4	(delta): 311.506
6 (QN/Block) 	Elapsed: 0.001	Loglikelihood: -13948.1	(delta): 659.287
7 (QN/Block) 	Elapsed: 0.001	Loglikelihood: -13946.8	(delta): 1.249
8 (QN/Block) 	Elapsed: 0.001	Loglikelihood: -13946.8	(delta): 0.00183744
9 (QN/Block) 	Elapsed: 0.001	Loglikelihood: -13946.8	(delta): 1.81899e-12
Summary: 
Converged in 9 iterations (0.016 sec)
Loglikelihood: -13946.835030
Fst divergences between estimated populations: 
	Pop0	
Pop0	
Pop1	0.367	
CV error (K=2): 1.90982
Writing output files.
