****                   ADMIXTURE Version 1.4.0                  ****
****                    Copyright 2008-2025                     ****
****           David Alexander, Suyash Shringarpure,            ****
****                John Novembre, Ken Lange                    ****
****                                                            ****
****                 Please cite our paper!                     ****
****   Information at https://dalexander.github.io/admixture/   ****

Cross-validation will be performed.  Folds=5.
Parallel execution requested.  Will use 4 threads.
Random seed: 43
Point estimation method: Block relaxation algorithm
Convergence acceleration algorithm: QuasiNewton, 3 secant conditions
Point estimation will terminate when objective function delta < 0.0001
Estimation of standard errors disabled; will compute point estimates only.
Size of G: 12x2074
Performing five EM steps to prime main algorithm
1 (EM) 	Elapsed: 0	Loglikelihood: -19206.8	(delta): 30821
2 (EM) 	Elapsed: 0	Loglikelihood: -19206.8	(delta): -3.63798e-12
3 (EM) 	Elapsed: 0	Loglikelihood: -19206.8	(delta): 0
4 (EM) 	Elapsed: 0	Loglikelihood: -19206.8	(delta): 3.63798e-12
5 (EM) 	Elapsed: 0	Loglikelihood: -19206.8	(delta): 0
Initial loglikelihood: -19206.8
Starting main algorithm
1 (QN/Block) 	Elapsed: 0.001	Loglikelihood: -19206.8	(delta): 0
Summary: 
Converged in 1 iterations (0.003 sec)
Loglikelihood: -19206.774153
CV error (K=1): 1.90705
Writing output files.
****                   ADMIXTURE Version 1.4.0                  ****
****                    Copyright 2008-2025                     ****
****           David Alexander, Suyash Shringarpure,            ****
****                John Novembre, Ken Lange                    ****
****                                                            ****
****                 Please cite our paper!                     ****
****   Information at https://dalexander.github.io/admixture/   ****

Cross-validation will be performed.  Folds=5.
Parallel execution requested.  Will use 4 threads.
Random seed: 43
Point estimation method: Block relaxation algorithm
Convergence acceleration algorithm: QuasiNewton, 3 secant conditions
Point estimation will terminate when objective function delta < 0.0001
Estimation of standard errors disabled; will compute point estimates only.
Size of G: 12x2074
Performing five EM steps to prime main algorithm
1 (EM) 	Elapsed: 0	Loglikelihood: -19297.1	(delta): 22910
2 (EM) 	Elapsed: 0	Loglikelihood: -17972.9	(delta): 1324.2
3 (EM) 	Elapsed: 0	Loglikelihood: -17444.2	(delta): 528.672
4 (EM) 	Elapsed: 0	Loglikelihood: -17065	(delta): 379.291
5 (EM) 	Elapsed: 0	Loglikelihood: -16756	(delta): 308.925
Initial loglikelihood: -16756
Starting main algorithm
1 (QN/Block) 	Elapsed: 0.001	Loglikelihood: -15025.3	(delta): 1730.72
2 (QN/Block) 	Elapsed: 0.001	Loglikelihood: -14981.1	(delta): 44.2549
3 (QN/Block) 	Elapsed: 0.001	Loglikelihood: -14972.1	(delta): 8.93447
4 (QN/Block) 	Elapsed: 0.001	Loglikelihood: -14918.9	(delta): 53.2442
5 (QN/Block) 	Elapsed: 0.001	Loglikelihood: -14607.4	(delta): 311.506
6 (QN/Block) 	Elapsed: 0.001	Loglikelihood: -13948.1	(delta): 659.287
7 (QN/Block) 	Elapsed: 0.001	Loglikelihood: -13946.8	(delta): 1.249
8 (QN/Block) 	Elapsed: 0.001	Loglikelihood: -13946.8	(delta): 0.00183744
9 (QN/Block) 	Elapsed: 0.001	Loglikelihood: -13946.8	(delta): 1.81899e-12
Summary: 
Converged in 9 iterations (0.016 sec)
Loglikelihood: -13946.835030
Fst divergences between estimated populations: 
	Pop0	
Pop0	
Pop1	0.367	
CV error (K=2): 1.90982
Writing output files.
****                   ADMIXTURE Version 1.4.0                  ****
****                    Copyright 2008-2025                     ****
****           David Alexander, Suyash Shringarpure,            ****
****                John Novembre, Ken Lange                    ****
****                                                            ****
****                 Please cite our paper!                     ****
****   Information at https://dalexander.github.io/admixture/   ****

Cross-validation will be performed.  Folds=5.
Parallel execution requested.  Will use 4 threads.
Random seed: 43
Point estimation method: Block relaxation algorithm
Convergence acceleration algorithm: QuasiNewton, 3 secant conditions
Point estimation will terminate when objective function delta < 0.0001
Estimation of standard errors disabled; will compute point estimates only.
Size of G: 12x2074
Performing five EM steps to prime main algorithm
1 (EM) 	Elapsed: 0	Loglikelihood: -19485.2	(delta): 20280.9
2 (EM) 	Elapsed: 0	Loglikelihood: -17856.7	(delta): 1628.54
3 (EM) 	Elapsed: 0	Loglikelihood: -16987.5	(delta): 869.21
4 (EM) 	Elapsed: 0	Loglikelihood: -16234.9	(delta): 752.533
5 (EM) 	Elapsed: 0	Loglikelihood: -15579.4	(delta): 655.566
Initial loglikelihood: -15579.4
Starting main algorithm
1 (QN/Block) 	Elapsed: 0.001	Loglikelihood: -12833.8	(delta): 2745.55
2 (QN/Block) 	Elapsed: 0.001	Loglikelihood: -9649.44	(delta): 3184.36
3 (QN/Block) 	Elapsed: 0.002	Loglikelihood: -9201.9	(delta): 447.541
4 (QN/Block) 	Elapsed: 0.002	Loglikelihood: -9122.01	(delta): 79.8933
5 (QN/Block) 	Elapsed: 0.002	Loglikelihood: -8751.01	(delta): 370.993
6 (QN/Block) 	Elapsed: 0.002	Loglikelihood: -8651.24	(delta): 99.7778
7 (QN/Block) 	Elapsed: 0.002	Loglikelihood: -8625.96	(delta): 25.2734
8 (QN/Block) 	Elapsed: 0.002	Loglikelihood: -8619.2	(delta): 6.76135
9 (QN/Block) 	Elapsed: 0.002	Loglikelihood: -8619.05	(delta): 0.154481
10 (QN/Block) 	Elapsed: 0.002	Loglikelihood: -8619.05	(delta): 4.56566e-10
Summary: 
Converged in 10 iterations (0.023 sec)
Loglikelihood: -8619.047042
Fst divergences between estimated populations: 
	Pop0	Pop1	
Pop0	
Pop1	0.479	
Pop2	0.548	0.545	
CV error (K=3): 1.82305
Writing output files.
****                   ADMIXTURE Version 1.4.0                  ****
****                    Copyright 2008-2025                     ****
****           David Alexander, Suyash Shringarpure,            ****
****                John Novembre, Ken Lange                    ****
****                                                            ****
****                 Please cite our paper!                     ****
****   Information at https://dalexander.github.io/admixture/   ****

Cross-validation will be performed.  Folds=5.
Parallel execution requested.  Will use 4 threads.
Random seed: 43
Point estimation method: Block relaxation algorithm
Convergence acceleration algorithm: QuasiNewton, 3 secant conditions
Point estimation will terminate when objective function delta < 0.0001
Estimation of standard errors disabled; will compute point estimates only.
Size of G: 12x2074
Performing five EM steps to prime main algorithm
1 (EM) 	Elapsed: 0	Loglikelihood: -19179.9	(delta): 19284.1
2 (EM) 	Elapsed: 0	Loglikelihood: -17444.5	(delta): 1735.33
3 (EM) 	Elapsed: 0	Loglikelihood: -16430.7	(delta): 1013.8
4 (EM) 	Elapsed: 0	Loglikelihood: -15477.8	(delta): 952.923
5 (EM) 	Elapsed: 0	Loglikelihood: -14531.9	(delta): 945.883
Initial loglikelihood: -14531.9
Starting main algorithm
1 (QN/Block) 	Elapsed: 0.001	Loglikelihood: -9036.18	(delta): 5495.74
2 (QN/Block) 	Elapsed: 0.001	Loglikelihood: -7626.67	(delta): 1409.51
3 (QN/Block) 	Elapsed: 0.002	Loglikelihood: -7408.65	(delta): 218.021
4 (QN/Block) 	Elapsed: 0.002	Loglikelihood: -7350.29	(delta): 58.3538
5 (QN/Block) 	Elapsed: 0.002	Loglikelihood: -7322.43	(delta): 27.8584
6 (QN/Block) 	Elapsed: 0.002	Loglikelihood: -7312.67	(delta): 9.76054
7 (QN/Block) 	Elapsed: 0.002	Loglikelihood: -7312.33	(delta): 0.341806
8 (QN/Block) 	Elapsed: 0.002	Loglikelihood: -7312.33	(delta): 0.000413495
9 (QN/Block) 	Elapsed: 0.002	Loglikelihood: -7312.33	(delta): -1.81899e-12
10 (QN/Block) 	Elapsed: 0.002	Loglikelihood: -7312.33	(delta): 9.09495e-13
Summary: 
Converged in 10 iterations (0.024 sec)
Loglikelihood: -7312.330127
Fst divergences between estimated populations: 
	Pop0	Pop1	Pop2	
Pop0	
Pop1	0.557	
Pop2	0.525	0.623	
Pop3	0.590	0.675	0.548	
CV error (K=4): 2.05539
Writing output files.
