PLINK v1.9.0-b.8 64-bit (22 Oct 2024)
Options in effect:
  --allow-extra-chr
  --bfile ../tutorial_pruned
  --out ./tutorial_pruned_PCA
  --pca 20

Hostname: r1i0n4.npad.internal
Working directory: /home/rdcmalheiro/tutorial_ipyrad/SBBE26_PopGen/PCA
Start time: Tue Jul 14 15:13:54 2026

Random number seed: 1784052834
128791 MB RAM detected; reserving 64395 MB for main workspace.
2074 variants loaded from .bim file.
12 people (0 males, 0 females, 12 ambiguous) loaded from .fam.
Ambiguous sex IDs written to ./tutorial_pruned_PCA.nosex .
Using up to 4 threads (change this with --threads).
Before main variant filters, 12 founders and 0 nonfounders present.
Calculating allele frequencies... done.
Total genotyping rate is exactly 1.
2074 variants and 12 people pass filters and QC.
Note: No phenotypes present.
Relationship matrix calculation complete.
Warning: calculating 12 PCs, since there are only 12 samples.
--pca: Results saved to ./tutorial_pruned_PCA.eigenval and
./tutorial_pruned_PCA.eigenvec .

End time: Tue Jul 14 15:13:55 2026
